CRITICAL - 2022-04-10 07:37:55 --> Argument 1 passed to CodeIgniter\Model::__construct() must be an instance of CodeIgniter\Database\ConnectionInterface or null, string given, called in C:\wamp64\www\tontine\app\Controllers\adherent.php on line 26
#0 C:\wamp64\www\tontine\app\Controllers\adherent.php(26): CodeIgniter\Model->__construct('6')
#1 C:\wamp64\www\tontine\system\CodeIgniter.php(825): App\Controllers\adherent->adhesion()
#2 C:\wamp64\www\tontine\system\CodeIgniter.php(412): CodeIgniter\CodeIgniter->runController(Object(App\Controllers\adherent))
#3 C:\wamp64\www\tontine\system\CodeIgniter.php(320): CodeIgniter\CodeIgniter->handleRequest(NULL, Object(Config\Cache), false)
#4 C:\wamp64\www\tontine\public\index.php(37): CodeIgniter\CodeIgniter->run()
#5 {main}
CRITICAL - 2022-04-10 07:39:29 --> Call to undefined method App\Models\TontineModel::listeTontines
#0 C:\wamp64\www\tontine\app\Controllers\adherent.php(27): CodeIgniter\Model->__call('listeTontines', Array)
#1 C:\wamp64\www\tontine\system\CodeIgniter.php(825): App\Controllers\adherent->adhesion()
#2 C:\wamp64\www\tontine\system\CodeIgniter.php(412): CodeIgniter\CodeIgniter->runController(Object(App\Controllers\adherent))
#3 C:\wamp64\www\tontine\system\CodeIgniter.php(320): CodeIgniter\CodeIgniter->handleRequest(NULL, Object(Config\Cache), false)
#4 C:\wamp64\www\tontine\public\index.php(37): CodeIgniter\CodeIgniter->run()
#5 {main}
CRITICAL - 2022-04-10 07:39:30 --> Call to undefined method App\Models\TontineModel::listeTontines
#0 C:\wamp64\www\tontine\app\Controllers\adherent.php(27): CodeIgniter\Model->__call('listeTontines', Array)
#1 C:\wamp64\www\tontine\system\CodeIgniter.php(825): App\Controllers\adherent->adhesion()
#2 C:\wamp64\www\tontine\system\CodeIgniter.php(412): CodeIgniter\CodeIgniter->runController(Object(App\Controllers\adherent))
#3 C:\wamp64\www\tontine\system\CodeIgniter.php(320): CodeIgniter\CodeIgniter->handleRequest(NULL, Object(Config\Cache), false)
#4 C:\wamp64\www\tontine\public\index.php(37): CodeIgniter\CodeIgniter->run()
#5 {main}
CRITICAL - 2022-04-10 07:39:31 --> Call to undefined method App\Models\TontineModel::listeTontines
#0 C:\wamp64\www\tontine\app\Controllers\adherent.php(27): CodeIgniter\Model->__call('listeTontines', Array)
#1 C:\wamp64\www\tontine\system\CodeIgniter.php(825): App\Controllers\adherent->adhesion()
#2 C:\wamp64\www\tontine\system\CodeIgniter.php(412): CodeIgniter\CodeIgniter->runController(Object(App\Controllers\adherent))
#3 C:\wamp64\www\tontine\system\CodeIgniter.php(320): CodeIgniter\CodeIgniter->handleRequest(NULL, Object(Config\Cache), false)
#4 C:\wamp64\www\tontine\public\index.php(37): CodeIgniter\CodeIgniter->run()
#5 {main}
CRITICAL - 2022-04-10 07:39:41 --> Call to undefined method App\Models\TontineModel::listeTontines
#0 C:\wamp64\www\tontine\app\Controllers\adherent.php(27): CodeIgniter\Model->__call('listeTontines', Array)
#1 C:\wamp64\www\tontine\system\CodeIgniter.php(825): App\Controllers\adherent->adhesion()
#2 C:\wamp64\www\tontine\system\CodeIgniter.php(412): CodeIgniter\CodeIgniter->runController(Object(App\Controllers\adherent))
#3 C:\wamp64\www\tontine\system\CodeIgniter.php(320): CodeIgniter\CodeIgniter->handleRequest(NULL, Object(Config\Cache), false)
#4 C:\wamp64\www\tontine\public\index.php(37): CodeIgniter\CodeIgniter->run()
#5 {main}
CRITICAL - 2022-04-10 07:41:35 --> Undefined variable: listeTontine
#0 C:\wamp64\www\tontine\app\Views\adherent\adhesion.php(18): CodeIgniter\Debug\Exceptions->errorHandler(8, 'Undefined varia...', 'C:\\wamp64\\www\\t...', 18, Array)
#1 C:\wamp64\www\tontine\system\View\View.php(212): include('C:\\wamp64\\www\\t...')
#2 C:\wamp64\www\tontine\system\View\View.php(215): CodeIgniter\View\View->CodeIgniter\View\{closure}()
#3 C:\wamp64\www\tontine\system\Common.php(1119): CodeIgniter\View\View->render('adherent/adhesi...', Array, true)
#4 C:\wamp64\www\tontine\app\Controllers\adherent.php(31): view('adherent/adhesi...')
#5 C:\wamp64\www\tontine\system\CodeIgniter.php(825): App\Controllers\adherent->adhesion()
#6 C:\wamp64\www\tontine\system\CodeIgniter.php(412): CodeIgniter\CodeIgniter->runController(Object(App\Controllers\adherent))
#7 C:\wamp64\www\tontine\system\CodeIgniter.php(320): CodeIgniter\CodeIgniter->handleRequest(NULL, Object(Config\Cache), false)
#8 C:\wamp64\www\tontine\public\index.php(37): CodeIgniter\CodeIgniter->run()
#9 {main}
ERROR - 2022-04-10 08:47:01 --> Le champ 'Montant' ne peut être vide (null)
CRITICAL - 2022-04-10 08:47:01 --> Le champ 'Montant' ne peut être vide (null)
#0 C:\wamp64\www\tontine\system\Database\MySQLi\Connection.php(292): mysqli->query('INSERT INTO `pa...', 0)
#1 C:\wamp64\www\tontine\system\Database\BaseConnection.php(670): CodeIgniter\Database\MySQLi\Connection->execute('INSERT INTO `pa...')
#2 C:\wamp64\www\tontine\system\Database\BaseConnection.php(598): CodeIgniter\Database\BaseConnection->simpleQuery('INSERT INTO `pa...')
#3 C:\wamp64\www\tontine\system\Database\BaseBuilder.php(1783): CodeIgniter\Database\BaseConnection->query('INSERT INTO `pa...', Array, false)
#4 C:\wamp64\www\tontine\system\Model.php(250): CodeIgniter\Database\BaseBuilder->insert()
#5 C:\wamp64\www\tontine\system\BaseModel.php(738): CodeIgniter\Model->doInsert(Array)
#6 C:\wamp64\www\tontine\system\Model.php(636): CodeIgniter\BaseModel->insert(Array, true)
#7 C:\wamp64\www\tontine\app\Controllers\adherent.php(41): CodeIgniter\Model->insert(Array)
#8 C:\wamp64\www\tontine\system\CodeIgniter.php(825): App\Controllers\adherent->adhererTontine('10')
#9 C:\wamp64\www\tontine\system\CodeIgniter.php(412): CodeIgniter\CodeIgniter->runController(Object(App\Controllers\adherent))
#10 C:\wamp64\www\tontine\system\CodeIgniter.php(320): CodeIgniter\CodeIgniter->handleRequest(NULL, Object(Config\Cache), false)
#11 C:\wamp64\www\tontine\public\index.php(37): CodeIgniter\CodeIgniter->run()
#12 {main}
CRITICAL - 2022-04-10 08:53:19 --> Trying to access array offset on value of type null
#0 C:\wamp64\www\tontine\app\Views\adherent\tontine.php(1): CodeIgniter\Debug\Exceptions->errorHandler(8, 'Trying to acces...', 'C:\\wamp64\\www\\t...', 1, Array)
#1 C:\wamp64\www\tontine\system\View\View.php(212): include('C:\\wamp64\\www\\t...')
#2 C:\wamp64\www\tontine\system\View\View.php(215): CodeIgniter\View\View->CodeIgniter\View\{closure}()
#3 C:\wamp64\www\tontine\system\Common.php(1119): CodeIgniter\View\View->render('adherent/tontin...', Array, true)
#4 C:\wamp64\www\tontine\app\Controllers\adherent.php(92): view('adherent/tontin...')
#5 C:\wamp64\www\tontine\system\CodeIgniter.php(825): App\Controllers\adherent->tontine('starter-templat...')
#6 C:\wamp64\www\tontine\system\CodeIgniter.php(412): CodeIgniter\CodeIgniter->runController(Object(App\Controllers\adherent))
#7 C:\wamp64\www\tontine\system\CodeIgniter.php(320): CodeIgniter\CodeIgniter->handleRequest(NULL, Object(Config\Cache), false)
#8 C:\wamp64\www\tontine\public\index.php(37): CodeIgniter\CodeIgniter->run()
#9 {main}
CRITICAL - 2022-04-10 08:53:37 --> Trying to access array offset on value of type null
#0 C:\wamp64\www\tontine\app\Views\adherent\tontine.php(1): CodeIgniter\Debug\Exceptions->errorHandler(8, 'Trying to acces...', 'C:\\wamp64\\www\\t...', 1, Array)
#1 C:\wamp64\www\tontine\system\View\View.php(212): include('C:\\wamp64\\www\\t...')
#2 C:\wamp64\www\tontine\system\View\View.php(215): CodeIgniter\View\View->CodeIgniter\View\{closure}()
#3 C:\wamp64\www\tontine\system\Common.php(1119): CodeIgniter\View\View->render('adherent/tontin...', Array, true)
#4 C:\wamp64\www\tontine\app\Controllers\adherent.php(92): view('adherent/tontin...')
#5 C:\wamp64\www\tontine\system\CodeIgniter.php(825): App\Controllers\adherent->tontine('starter-templat...')
#6 C:\wamp64\www\tontine\system\CodeIgniter.php(412): CodeIgniter\CodeIgniter->runController(Object(App\Controllers\adherent))
#7 C:\wamp64\www\tontine\system\CodeIgniter.php(320): CodeIgniter\CodeIgniter->handleRequest(NULL, Object(Config\Cache), false)
#8 C:\wamp64\www\tontine\public\index.php(37): CodeIgniter\CodeIgniter->run()
#9 {main}
CRITICAL - 2022-04-10 08:56:57 --> Trying to access array offset on value of type null
#0 C:\wamp64\www\tontine\app\Views\adherent\tontine.php(1): CodeIgniter\Debug\Exceptions->errorHandler(8, 'Trying to acces...', 'C:\\wamp64\\www\\t...', 1, Array)
#1 C:\wamp64\www\tontine\system\View\View.php(212): include('C:\\wamp64\\www\\t...')
#2 C:\wamp64\www\tontine\system\View\View.php(215): CodeIgniter\View\View->CodeIgniter\View\{closure}()
#3 C:\wamp64\www\tontine\system\Common.php(1119): CodeIgniter\View\View->render('adherent/tontin...', Array, true)
#4 C:\wamp64\www\tontine\app\Controllers\adherent.php(92): view('adherent/tontin...')
#5 C:\wamp64\www\tontine\system\CodeIgniter.php(825): App\Controllers\adherent->tontine('starter-templat...')
#6 C:\wamp64\www\tontine\system\CodeIgniter.php(412): CodeIgniter\CodeIgniter->runController(Object(App\Controllers\adherent))
#7 C:\wamp64\www\tontine\system\CodeIgniter.php(320): CodeIgniter\CodeIgniter->handleRequest(NULL, Object(Config\Cache), false)
#8 C:\wamp64\www\tontine\public\index.php(37): CodeIgniter\CodeIgniter->run()
#9 {main}
CRITICAL - 2022-04-10 10:32:07 --> Trying to access array offset on value of type null
#0 C:\wamp64\www\tontine\app\Views\adherent\tontine.php(1): CodeIgniter\Debug\Exceptions->errorHandler(8, 'Trying to acces...', 'C:\\wamp64\\www\\t...', 1, Array)
#1 C:\wamp64\www\tontine\system\View\View.php(212): include('C:\\wamp64\\www\\t...')
#2 C:\wamp64\www\tontine\system\View\View.php(215): CodeIgniter\View\View->CodeIgniter\View\{closure}()
#3 C:\wamp64\www\tontine\system\Common.php(1119): CodeIgniter\View\View->render('adherent/tontin...', Array, true)
#4 C:\wamp64\www\tontine\app\Controllers\adherent.php(120): view('adherent/tontin...')
#5 C:\wamp64\www\tontine\system\CodeIgniter.php(825): App\Controllers\adherent->tontine('starter-templat...')
#6 C:\wamp64\www\tontine\system\CodeIgniter.php(412): CodeIgniter\CodeIgniter->runController(Object(App\Controllers\adherent))
#7 C:\wamp64\www\tontine\system\CodeIgniter.php(320): CodeIgniter\CodeIgniter->handleRequest(NULL, Object(Config\Cache), false)
#8 C:\wamp64\www\tontine\public\index.php(37): CodeIgniter\CodeIgniter->run()
#9 {main}
CRITICAL - 2022-04-10 10:32:09 --> "y-m-d" is not a valid datetime format
#0 C:\wamp64\www\tontine\system\I18n\Time.php(242): CodeIgniter\I18n\Exceptions\I18nException::forInvalidFormat('y-m-d')
#1 C:\wamp64\www\tontine\app\Controllers\adherent.php(30): CodeIgniter\I18n\Time::createFromFormat('y-m-d', '2022-11-11')
#2 C:\wamp64\www\tontine\system\CodeIgniter.php(825): App\Controllers\adherent->genererEcheance('10')
#3 C:\wamp64\www\tontine\system\CodeIgniter.php(412): CodeIgniter\CodeIgniter->runController(Object(App\Controllers\adherent))
#4 C:\wamp64\www\tontine\system\CodeIgniter.php(320): CodeIgniter\CodeIgniter->handleRequest(NULL, Object(Config\Cache), false)
#5 C:\wamp64\www\tontine\public\index.php(37): CodeIgniter\CodeIgniter->run()
#6 {main}
CRITICAL - 2022-04-10 10:33:58 --> Trying to access array offset on value of type null
#0 C:\wamp64\www\tontine\app\Views\adherent\tontine.php(1): CodeIgniter\Debug\Exceptions->errorHandler(8, 'Trying to acces...', 'C:\\wamp64\\www\\t...', 1, Array)
#1 C:\wamp64\www\tontine\system\View\View.php(212): include('C:\\wamp64\\www\\t...')
#2 C:\wamp64\www\tontine\system\View\View.php(215): CodeIgniter\View\View->CodeIgniter\View\{closure}()
#3 C:\wamp64\www\tontine\system\Common.php(1119): CodeIgniter\View\View->render('adherent/tontin...', Array, true)
#4 C:\wamp64\www\tontine\app\Controllers\adherent.php(120): view('adherent/tontin...')
#5 C:\wamp64\www\tontine\system\CodeIgniter.php(825): App\Controllers\adherent->tontine('starter-templat...')
#6 C:\wamp64\www\tontine\system\CodeIgniter.php(412): CodeIgniter\CodeIgniter->runController(Object(App\Controllers\adherent))
#7 C:\wamp64\www\tontine\system\CodeIgniter.php(320): CodeIgniter\CodeIgniter->handleRequest(NULL, Object(Config\Cache), false)
#8 C:\wamp64\www\tontine\public\index.php(37): CodeIgniter\CodeIgniter->run()
#9 {main}
CRITICAL - 2022-04-10 10:34:07 --> Trying to access array offset on value of type null
#0 C:\wamp64\www\tontine\app\Views\adherent\tontine.php(1): CodeIgniter\Debug\Exceptions->errorHandler(8, 'Trying to acces...', 'C:\\wamp64\\www\\t...', 1, Array)
#1 C:\wamp64\www\tontine\system\View\View.php(212): include('C:\\wamp64\\www\\t...')
#2 C:\wamp64\www\tontine\system\View\View.php(215): CodeIgniter\View\View->CodeIgniter\View\{closure}()
#3 C:\wamp64\www\tontine\system\Common.php(1119): CodeIgniter\View\View->render('adherent/tontin...', Array, true)
#4 C:\wamp64\www\tontine\app\Controllers\adherent.php(120): view('adherent/tontin...')
#5 C:\wamp64\www\tontine\system\CodeIgniter.php(825): App\Controllers\adherent->tontine('starter-templat...')
#6 C:\wamp64\www\tontine\system\CodeIgniter.php(412): CodeIgniter\CodeIgniter->runController(Object(App\Controllers\adherent))
#7 C:\wamp64\www\tontine\system\CodeIgniter.php(320): CodeIgniter\CodeIgniter->handleRequest(NULL, Object(Config\Cache), false)
#8 C:\wamp64\www\tontine\public\index.php(37): CodeIgniter\CodeIgniter->run()
#9 {main}
CRITICAL - 2022-04-10 10:34:39 --> Trying to access array offset on value of type null
#0 C:\wamp64\www\tontine\app\Views\adherent\tontine.php(1): CodeIgniter\Debug\Exceptions->errorHandler(8, 'Trying to acces...', 'C:\\wamp64\\www\\t...', 1, Array)
#1 C:\wamp64\www\tontine\system\View\View.php(212): include('C:\\wamp64\\www\\t...')
#2 C:\wamp64\www\tontine\system\View\View.php(215): CodeIgniter\View\View->CodeIgniter\View\{closure}()
#3 C:\wamp64\www\tontine\system\Common.php(1119): CodeIgniter\View\View->render('adherent/tontin...', Array, true)
#4 C:\wamp64\www\tontine\app\Controllers\adherent.php(120): view('adherent/tontin...')
#5 C:\wamp64\www\tontine\system\CodeIgniter.php(825): App\Controllers\adherent->tontine('starter-templat...')
#6 C:\wamp64\www\tontine\system\CodeIgniter.php(412): CodeIgniter\CodeIgniter->runController(Object(App\Controllers\adherent))
#7 C:\wamp64\www\tontine\system\CodeIgniter.php(320): CodeIgniter\CodeIgniter->handleRequest(NULL, Object(Config\Cache), false)
#8 C:\wamp64\www\tontine\public\index.php(37): CodeIgniter\CodeIgniter->run()
#9 {main}
CRITICAL - 2022-04-10 10:54:14 --> Trying to access array offset on value of type null
#0 C:\wamp64\www\tontine\app\Views\adherent\tontine.php(1): CodeIgniter\Debug\Exceptions->errorHandler(8, 'Trying to acces...', 'C:\\wamp64\\www\\t...', 1, Array)
#1 C:\wamp64\www\tontine\system\View\View.php(212): include('C:\\wamp64\\www\\t...')
#2 C:\wamp64\www\tontine\system\View\View.php(215): CodeIgniter\View\View->CodeIgniter\View\{closure}()
#3 C:\wamp64\www\tontine\system\Common.php(1119): CodeIgniter\View\View->render('adherent/tontin...', Array, true)
#4 C:\wamp64\www\tontine\app\Controllers\adherent.php(120): view('adherent/tontin...')
#5 C:\wamp64\www\tontine\system\CodeIgniter.php(825): App\Controllers\adherent->tontine('starter-templat...')
#6 C:\wamp64\www\tontine\system\CodeIgniter.php(412): CodeIgniter\CodeIgniter->runController(Object(App\Controllers\adherent))
#7 C:\wamp64\www\tontine\system\CodeIgniter.php(320): CodeIgniter\CodeIgniter->handleRequest(NULL, Object(Config\Cache), false)
#8 C:\wamp64\www\tontine\public\index.php(37): CodeIgniter\CodeIgniter->run()
#9 {main}
CRITICAL - 2022-04-10 10:54:16 --> Trying to access array offset on value of type null
#0 C:\wamp64\www\tontine\app\Views\adherent\tontine.php(1): CodeIgniter\Debug\Exceptions->errorHandler(8, 'Trying to acces...', 'C:\\wamp64\\www\\t...', 1, Array)
#1 C:\wamp64\www\tontine\system\View\View.php(212): include('C:\\wamp64\\www\\t...')
#2 C:\wamp64\www\tontine\system\View\View.php(215): CodeIgniter\View\View->CodeIgniter\View\{closure}()
#3 C:\wamp64\www\tontine\system\Common.php(1119): CodeIgniter\View\View->render('adherent/tontin...', Array, true)
#4 C:\wamp64\www\tontine\app\Controllers\adherent.php(120): view('adherent/tontin...')
#5 C:\wamp64\www\tontine\system\CodeIgniter.php(825): App\Controllers\adherent->tontine('starter-templat...')
#6 C:\wamp64\www\tontine\system\CodeIgniter.php(412): CodeIgniter\CodeIgniter->runController(Object(App\Controllers\adherent))
#7 C:\wamp64\www\tontine\system\CodeIgniter.php(320): CodeIgniter\CodeIgniter->handleRequest(NULL, Object(Config\Cache), false)
#8 C:\wamp64\www\tontine\public\index.php(37): CodeIgniter\CodeIgniter->run()
#9 {main}
CRITICAL - 2022-04-10 11:10:46 --> Trying to access array offset on value of type null
#0 C:\wamp64\www\tontine\app\Views\adherent\tontine.php(1): CodeIgniter\Debug\Exceptions->errorHandler(8, 'Trying to acces...', 'C:\\wamp64\\www\\t...', 1, Array)
#1 C:\wamp64\www\tontine\system\View\View.php(212): include('C:\\wamp64\\www\\t...')
#2 C:\wamp64\www\tontine\system\View\View.php(215): CodeIgniter\View\View->CodeIgniter\View\{closure}()
#3 C:\wamp64\www\tontine\system\Common.php(1119): CodeIgniter\View\View->render('adherent/tontin...', Array, true)
#4 C:\wamp64\www\tontine\app\Controllers\adherent.php(120): view('adherent/tontin...')
#5 C:\wamp64\www\tontine\system\CodeIgniter.php(825): App\Controllers\adherent->tontine('starter-templat...')
#6 C:\wamp64\www\tontine\system\CodeIgniter.php(412): CodeIgniter\CodeIgniter->runController(Object(App\Controllers\adherent))
#7 C:\wamp64\www\tontine\system\CodeIgniter.php(320): CodeIgniter\CodeIgniter->handleRequest(NULL, Object(Config\Cache), false)
#8 C:\wamp64\www\tontine\public\index.php(37): CodeIgniter\CodeIgniter->run()
#9 {main}
CRITICAL - 2022-04-10 11:11:07 --> Trying to access array offset on value of type null
#0 C:\wamp64\www\tontine\app\Controllers\adherent.php(164): CodeIgniter\Debug\Exceptions->errorHandler(8, 'Trying to acces...', 'C:\\wamp64\\www\\t...', 164, Array)
#1 C:\wamp64\www\tontine\system\CodeIgniter.php(825): App\Controllers\adherent->modifierTontine('starter-templat...')
#2 C:\wamp64\www\tontine\system\CodeIgniter.php(412): CodeIgniter\CodeIgniter->runController(Object(App\Controllers\adherent))
#3 C:\wamp64\www\tontine\system\CodeIgniter.php(320): CodeIgniter\CodeIgniter->handleRequest(NULL, Object(Config\Cache), false)
#4 C:\wamp64\www\tontine\public\index.php(37): CodeIgniter\CodeIgniter->run()
#5 {main}
CRITICAL - 2022-04-10 11:11:15 --> Trying to access array offset on value of type null
#0 C:\wamp64\www\tontine\app\Views\adherent\tontine.php(1): CodeIgniter\Debug\Exceptions->errorHandler(8, 'Trying to acces...', 'C:\\wamp64\\www\\t...', 1, Array)
#1 C:\wamp64\www\tontine\system\View\View.php(212): include('C:\\wamp64\\www\\t...')
#2 C:\wamp64\www\tontine\system\View\View.php(215): CodeIgniter\View\View->CodeIgniter\View\{closure}()
#3 C:\wamp64\www\tontine\system\Common.php(1119): CodeIgniter\View\View->render('adherent/tontin...', Array, true)
#4 C:\wamp64\www\tontine\app\Controllers\adherent.php(120): view('adherent/tontin...')
#5 C:\wamp64\www\tontine\system\CodeIgniter.php(825): App\Controllers\adherent->tontine('starter-templat...')
#6 C:\wamp64\www\tontine\system\CodeIgniter.php(412): CodeIgniter\CodeIgniter->runController(Object(App\Controllers\adherent))
#7 C:\wamp64\www\tontine\system\CodeIgniter.php(320): CodeIgniter\CodeIgniter->handleRequest(NULL, Object(Config\Cache), false)
#8 C:\wamp64\www\tontine\public\index.php(37): CodeIgniter\CodeIgniter->run()
#9 {main}
CRITICAL - 2022-04-10 11:11:17 --> Trying to access array offset on value of type null
#0 C:\wamp64\www\tontine\app\Views\adherent\tontine.php(1): CodeIgniter\Debug\Exceptions->errorHandler(8, 'Trying to acces...', 'C:\\wamp64\\www\\t...', 1, Array)
#1 C:\wamp64\www\tontine\system\View\View.php(212): include('C:\\wamp64\\www\\t...')
#2 C:\wamp64\www\tontine\system\View\View.php(215): CodeIgniter\View\View->CodeIgniter\View\{closure}()
#3 C:\wamp64\www\tontine\system\Common.php(1119): CodeIgniter\View\View->render('adherent/tontin...', Array, true)
#4 C:\wamp64\www\tontine\app\Controllers\adherent.php(120): view('adherent/tontin...')
#5 C:\wamp64\www\tontine\system\CodeIgniter.php(825): App\Controllers\adherent->tontine('starter-templat...')
#6 C:\wamp64\www\tontine\system\CodeIgniter.php(412): CodeIgniter\CodeIgniter->runController(Object(App\Controllers\adherent))
#7 C:\wamp64\www\tontine\system\CodeIgniter.php(320): CodeIgniter\CodeIgniter->handleRequest(NULL, Object(Config\Cache), false)
#8 C:\wamp64\www\tontine\public\index.php(37): CodeIgniter\CodeIgniter->run()
#9 {main}
