CRITICAL - 2022-03-27 11:09:51 --> Use of undefined constant menuActif - assumed 'menuActif' (this will throw an Error in a future version of PHP)
#0 C:\wamp64\www\tontine\app\Views\layout\entete.php(59): CodeIgniter\Debug\Exceptions->errorHandler(2, 'Use of undefine...', 'C:\\wamp64\\www\\t...', 59, Array)
#1 C:\wamp64\www\tontine\system\View\View.php(212): include('C:\\wamp64\\www\\t...')
#2 C:\wamp64\www\tontine\system\View\View.php(215): CodeIgniter\View\View->CodeIgniter\View\{closure}()
#3 C:\wamp64\www\tontine\system\Common.php(1119): CodeIgniter\View\View->render('layout/entete', Array, true)
#4 C:\wamp64\www\tontine\app\Controllers\Utilisateur.php(11): view('layout/entete')
#5 C:\wamp64\www\tontine\system\CodeIgniter.php(825): App\Controllers\Utilisateur->index()
#6 C:\wamp64\www\tontine\system\CodeIgniter.php(412): CodeIgniter\CodeIgniter->runController(Object(App\Controllers\Utilisateur))
#7 C:\wamp64\www\tontine\system\CodeIgniter.php(320): CodeIgniter\CodeIgniter->handleRequest(NULL, Object(Config\Cache), false)
#8 C:\wamp64\www\tontine\public\index.php(37): CodeIgniter\CodeIgniter->run()
#9 {main}
CRITICAL - 2022-03-27 11:09:58 --> Use of undefined constant menuActif - assumed 'menuActif' (this will throw an Error in a future version of PHP)
#0 C:\wamp64\www\tontine\app\Views\layout\entete.php(59): CodeIgniter\Debug\Exceptions->errorHandler(2, 'Use of undefine...', 'C:\\wamp64\\www\\t...', 59, Array)
#1 C:\wamp64\www\tontine\system\View\View.php(212): include('C:\\wamp64\\www\\t...')
#2 C:\wamp64\www\tontine\system\View\View.php(215): CodeIgniter\View\View->CodeIgniter\View\{closure}()
#3 C:\wamp64\www\tontine\system\Common.php(1119): CodeIgniter\View\View->render('layout/entete', Array, true)
#4 C:\wamp64\www\tontine\app\Controllers\Utilisateur.php(18): view('layout/entete', Array)
#5 C:\wamp64\www\tontine\system\CodeIgniter.php(825): App\Controllers\Utilisateur->inscription()
#6 C:\wamp64\www\tontine\system\CodeIgniter.php(412): CodeIgniter\CodeIgniter->runController(Object(App\Controllers\Utilisateur))
#7 C:\wamp64\www\tontine\system\CodeIgniter.php(320): CodeIgniter\CodeIgniter->handleRequest(NULL, Object(Config\Cache), false)
#8 C:\wamp64\www\tontine\public\index.php(37): CodeIgniter\CodeIgniter->run()
#9 {main}
CRITICAL - 2022-03-27 11:10:01 --> Use of undefined constant menuActif - assumed 'menuActif' (this will throw an Error in a future version of PHP)
#0 C:\wamp64\www\tontine\app\Views\layout\entete.php(59): CodeIgniter\Debug\Exceptions->errorHandler(2, 'Use of undefine...', 'C:\\wamp64\\www\\t...', 59, Array)
#1 C:\wamp64\www\tontine\system\View\View.php(212): include('C:\\wamp64\\www\\t...')
#2 C:\wamp64\www\tontine\system\View\View.php(215): CodeIgniter\View\View->CodeIgniter\View\{closure}()
#3 C:\wamp64\www\tontine\system\Common.php(1119): CodeIgniter\View\View->render('layout/entete', Array, true)
#4 C:\wamp64\www\tontine\app\Controllers\Utilisateur.php(11): view('layout/entete')
#5 C:\wamp64\www\tontine\system\CodeIgniter.php(825): App\Controllers\Utilisateur->index()
#6 C:\wamp64\www\tontine\system\CodeIgniter.php(412): CodeIgniter\CodeIgniter->runController(Object(App\Controllers\Utilisateur))
#7 C:\wamp64\www\tontine\system\CodeIgniter.php(320): CodeIgniter\CodeIgniter->handleRequest(NULL, Object(Config\Cache), false)
#8 C:\wamp64\www\tontine\public\index.php(37): CodeIgniter\CodeIgniter->run()
#9 {main}
CRITICAL - 2022-03-27 11:10:02 --> Use of undefined constant menuActif - assumed 'menuActif' (this will throw an Error in a future version of PHP)
#0 C:\wamp64\www\tontine\app\Views\layout\entete.php(59): CodeIgniter\Debug\Exceptions->errorHandler(2, 'Use of undefine...', 'C:\\wamp64\\www\\t...', 59, Array)
#1 C:\wamp64\www\tontine\system\View\View.php(212): include('C:\\wamp64\\www\\t...')
#2 C:\wamp64\www\tontine\system\View\View.php(215): CodeIgniter\View\View->CodeIgniter\View\{closure}()
#3 C:\wamp64\www\tontine\system\Common.php(1119): CodeIgniter\View\View->render('layout/entete', Array, true)
#4 C:\wamp64\www\tontine\app\Controllers\Home.php(11): view('layout/entete', Array)
#5 C:\wamp64\www\tontine\system\CodeIgniter.php(825): App\Controllers\Home->index()
#6 C:\wamp64\www\tontine\system\CodeIgniter.php(412): CodeIgniter\CodeIgniter->runController(Object(App\Controllers\Home))
#7 C:\wamp64\www\tontine\system\CodeIgniter.php(320): CodeIgniter\CodeIgniter->handleRequest(NULL, Object(Config\Cache), false)
#8 C:\wamp64\www\tontine\public\index.php(37): CodeIgniter\CodeIgniter->run()
#9 {main}
CRITICAL - 2022-03-27 11:21:31 --> syntax error, unexpected '::' (T_PAAMAYIM_NEKUDOTAYIM)
#0 C:\wamp64\www\tontine\system\Autoloader\Autoloader.php(245): CodeIgniter\Autoloader\Autoloader->includeFile('C:\\wamp64\\www\\t...')
#1 C:\wamp64\www\tontine\system\Autoloader\Autoloader.php(223): CodeIgniter\Autoloader\Autoloader->loadInNamespace('App\\Controllers...')
#2 [internal function]: CodeIgniter\Autoloader\Autoloader->loadClass('App\\Controllers...')
#3 [internal function]: spl_autoload_call('App\\Controllers...')
#4 C:\wamp64\www\tontine\system\CodeIgniter.php(790): class_exists('\\App\\Controller...', true)
#5 C:\wamp64\www\tontine\system\CodeIgniter.php(399): CodeIgniter\CodeIgniter->startController()
#6 C:\wamp64\www\tontine\system\CodeIgniter.php(320): CodeIgniter\CodeIgniter->handleRequest(NULL, Object(Config\Cache), false)
#7 C:\wamp64\www\tontine\public\index.php(37): CodeIgniter\CodeIgniter->run()
#8 {main}
CRITICAL - 2022-03-27 11:27:50 --> Class 'BaseController' not found
#0 C:\wamp64\www\tontine\system\Autoloader\Autoloader.php(268): include_once()
#1 C:\wamp64\www\tontine\system\Autoloader\Autoloader.php(245): CodeIgniter\Autoloader\Autoloader->includeFile('C:\\wamp64\\www\\t...')
#2 C:\wamp64\www\tontine\system\Autoloader\Autoloader.php(223): CodeIgniter\Autoloader\Autoloader->loadInNamespace('App\\Controllers...')
#3 [internal function]: CodeIgniter\Autoloader\Autoloader->loadClass('App\\Controllers...')
#4 [internal function]: spl_autoload_call('App\\Controllers...')
#5 C:\wamp64\www\tontine\system\CodeIgniter.php(790): class_exists('\\App\\Controller...', true)
#6 C:\wamp64\www\tontine\system\CodeIgniter.php(399): CodeIgniter\CodeIgniter->startController()
#7 C:\wamp64\www\tontine\system\CodeIgniter.php(320): CodeIgniter\CodeIgniter->handleRequest(NULL, Object(Config\Cache), false)
#8 C:\wamp64\www\tontine\public\index.php(37): CodeIgniter\CodeIgniter->run()
#9 {main}
CRITICAL - 2022-03-27 12:58:44 --> Call to undefined function set_value()
#0 C:\wamp64\www\tontine\system\View\View.php(212): include()
#1 C:\wamp64\www\tontine\system\View\View.php(215): CodeIgniter\View\View->CodeIgniter\View\{closure}()
#2 C:\wamp64\www\tontine\system\Common.php(1119): CodeIgniter\View\View->render('utilisateur/ins...', Array, true)
#3 C:\wamp64\www\tontine\app\Controllers\Utilisateur.php(39): view('utilisateur/ins...')
#4 C:\wamp64\www\tontine\system\CodeIgniter.php(825): App\Controllers\Utilisateur->inscription()
#5 C:\wamp64\www\tontine\system\CodeIgniter.php(412): CodeIgniter\CodeIgniter->runController(Object(App\Controllers\Utilisateur))
#6 C:\wamp64\www\tontine\system\CodeIgniter.php(320): CodeIgniter\CodeIgniter->handleRequest(NULL, Object(Config\Cache), false)
#7 C:\wamp64\www\tontine\public\index.php(37): CodeIgniter\CodeIgniter->run()
#8 {main}
CRITICAL - 2022-03-27 12:59:44 --> Call to undefined function set_value()
#0 C:\wamp64\www\tontine\system\View\View.php(212): include()
#1 C:\wamp64\www\tontine\system\View\View.php(215): CodeIgniter\View\View->CodeIgniter\View\{closure}()
#2 C:\wamp64\www\tontine\system\Common.php(1119): CodeIgniter\View\View->render('utilisateur/ins...', Array, true)
#3 C:\wamp64\www\tontine\app\Controllers\Utilisateur.php(39): view('utilisateur/ins...')
#4 C:\wamp64\www\tontine\system\CodeIgniter.php(825): App\Controllers\Utilisateur->inscription()
#5 C:\wamp64\www\tontine\system\CodeIgniter.php(412): CodeIgniter\CodeIgniter->runController(Object(App\Controllers\Utilisateur))
#6 C:\wamp64\www\tontine\system\CodeIgniter.php(320): CodeIgniter\CodeIgniter->handleRequest(NULL, Object(Config\Cache), false)
#7 C:\wamp64\www\tontine\public\index.php(37): CodeIgniter\CodeIgniter->run()
#8 {main}
CRITICAL - 2022-03-27 13:00:32 --> Call to undefined function set_value()
#0 C:\wamp64\www\tontine\system\View\View.php(212): include()
#1 C:\wamp64\www\tontine\system\View\View.php(215): CodeIgniter\View\View->CodeIgniter\View\{closure}()
#2 C:\wamp64\www\tontine\system\Common.php(1119): CodeIgniter\View\View->render('utilisateur/ins...', Array, true)
#3 C:\wamp64\www\tontine\app\Controllers\Utilisateur.php(39): view('utilisateur/ins...')
#4 C:\wamp64\www\tontine\system\CodeIgniter.php(825): App\Controllers\Utilisateur->inscription()
#5 C:\wamp64\www\tontine\system\CodeIgniter.php(412): CodeIgniter\CodeIgniter->runController(Object(App\Controllers\Utilisateur))
#6 C:\wamp64\www\tontine\system\CodeIgniter.php(320): CodeIgniter\CodeIgniter->handleRequest(NULL, Object(Config\Cache), false)
#7 C:\wamp64\www\tontine\public\index.php(37): CodeIgniter\CodeIgniter->run()
#8 {main}
CRITICAL - 2022-03-27 13:03:48 --> Call to undefined function set_value()
#0 C:\wamp64\www\tontine\system\View\View.php(212): include()
#1 C:\wamp64\www\tontine\system\View\View.php(215): CodeIgniter\View\View->CodeIgniter\View\{closure}()
#2 C:\wamp64\www\tontine\system\Common.php(1119): CodeIgniter\View\View->render('utilisateur/ins...', Array, true)
#3 C:\wamp64\www\tontine\app\Controllers\Utilisateur.php(39): view('utilisateur/ins...')
#4 C:\wamp64\www\tontine\system\CodeIgniter.php(825): App\Controllers\Utilisateur->inscription()
#5 C:\wamp64\www\tontine\system\CodeIgniter.php(412): CodeIgniter\CodeIgniter->runController(Object(App\Controllers\Utilisateur))
#6 C:\wamp64\www\tontine\system\CodeIgniter.php(320): CodeIgniter\CodeIgniter->handleRequest(NULL, Object(Config\Cache), false)
#7 C:\wamp64\www\tontine\public\index.php(37): CodeIgniter\CodeIgniter->run()
#8 {main}
CRITICAL - 2022-03-27 13:08:09 --> Call to undefined function set_value()
#0 C:\wamp64\www\tontine\system\View\View.php(212): include()
#1 C:\wamp64\www\tontine\system\View\View.php(215): CodeIgniter\View\View->CodeIgniter\View\{closure}()
#2 C:\wamp64\www\tontine\system\Common.php(1119): CodeIgniter\View\View->render('utilisateur/ins...', Array, true)
#3 C:\wamp64\www\tontine\app\Controllers\Utilisateur.php(39): view('utilisateur/ins...')
#4 C:\wamp64\www\tontine\system\CodeIgniter.php(825): App\Controllers\Utilisateur->inscription()
#5 C:\wamp64\www\tontine\system\CodeIgniter.php(412): CodeIgniter\CodeIgniter->runController(Object(App\Controllers\Utilisateur))
#6 C:\wamp64\www\tontine\system\CodeIgniter.php(320): CodeIgniter\CodeIgniter->handleRequest(NULL, Object(Config\Cache), false)
#7 C:\wamp64\www\tontine\public\index.php(37): CodeIgniter\CodeIgniter->run()
#8 {main}
CRITICAL - 2022-03-27 13:30:57 --> syntax error, unexpected '}'
#0 C:\wamp64\www\tontine\system\Router\Router.php(175): CodeIgniter\Router\Router->autoRoute('utilisateur/ins...')
#1 C:\wamp64\www\tontine\system\CodeIgniter.php(719): CodeIgniter\Router\Router->handle('utilisateur/ins...')
#2 C:\wamp64\www\tontine\system\CodeIgniter.php(361): CodeIgniter\CodeIgniter->tryToRouteIt(Object(CodeIgniter\Router\RouteCollection))
#3 C:\wamp64\www\tontine\system\CodeIgniter.php(320): CodeIgniter\CodeIgniter->handleRequest(NULL, Object(Config\Cache), false)
#4 C:\wamp64\www\tontine\public\index.php(37): CodeIgniter\CodeIgniter->run()
#5 {main}
CRITICAL - 2022-03-27 13:31:08 --> syntax error, unexpected '}'
#0 C:\wamp64\www\tontine\system\Router\Router.php(175): CodeIgniter\Router\Router->autoRoute('utilisateur/ins...')
#1 C:\wamp64\www\tontine\system\CodeIgniter.php(719): CodeIgniter\Router\Router->handle('utilisateur/ins...')
#2 C:\wamp64\www\tontine\system\CodeIgniter.php(361): CodeIgniter\CodeIgniter->tryToRouteIt(Object(CodeIgniter\Router\RouteCollection))
#3 C:\wamp64\www\tontine\system\CodeIgniter.php(320): CodeIgniter\CodeIgniter->handleRequest(NULL, Object(Config\Cache), false)
#4 C:\wamp64\www\tontine\public\index.php(37): CodeIgniter\CodeIgniter->run()
#5 {main}
CRITICAL - 2022-03-27 13:31:38 --> syntax error, unexpected '}'
#0 C:\wamp64\www\tontine\system\Router\Router.php(175): CodeIgniter\Router\Router->autoRoute('utilisateur/ins...')
#1 C:\wamp64\www\tontine\system\CodeIgniter.php(719): CodeIgniter\Router\Router->handle('utilisateur/ins...')
#2 C:\wamp64\www\tontine\system\CodeIgniter.php(361): CodeIgniter\CodeIgniter->tryToRouteIt(Object(CodeIgniter\Router\RouteCollection))
#3 C:\wamp64\www\tontine\system\CodeIgniter.php(320): CodeIgniter\CodeIgniter->handleRequest(NULL, Object(Config\Cache), false)
#4 C:\wamp64\www\tontine\public\index.php(37): CodeIgniter\CodeIgniter->run()
#5 {main}
