CRITICAL - 2022-03-20 13:32:52 --> Call to undefined function link_tag()
#0 C:\wamp64\www\tontine\system\View\View.php(212): include()
#1 C:\wamp64\www\tontine\system\View\View.php(215): CodeIgniter\View\View->CodeIgniter\View\{closure}()
#2 C:\wamp64\www\tontine\system\Common.php(1119): CodeIgniter\View\View->render('welcome_message', Array, true)
#3 C:\wamp64\www\tontine\app\Controllers\Home.php(9): view('welcome_message')
#4 C:\wamp64\www\tontine\system\CodeIgniter.php(825): App\Controllers\Home->index()
#5 C:\wamp64\www\tontine\system\CodeIgniter.php(412): CodeIgniter\CodeIgniter->runController(Object(App\Controllers\Home))
#6 C:\wamp64\www\tontine\system\CodeIgniter.php(320): CodeIgniter\CodeIgniter->handleRequest(NULL, Object(Config\Cache), false)
#7 C:\wamp64\www\tontine\public\index.php(37): CodeIgniter\CodeIgniter->run()
#8 {main}
CRITICAL - 2022-03-20 13:32:58 --> Call to undefined function link_tag()
#0 C:\wamp64\www\tontine\system\View\View.php(212): include()
#1 C:\wamp64\www\tontine\system\View\View.php(215): CodeIgniter\View\View->CodeIgniter\View\{closure}()
#2 C:\wamp64\www\tontine\system\Common.php(1119): CodeIgniter\View\View->render('welcome_message', Array, true)
#3 C:\wamp64\www\tontine\app\Controllers\Home.php(9): view('welcome_message')
#4 C:\wamp64\www\tontine\system\CodeIgniter.php(825): App\Controllers\Home->index()
#5 C:\wamp64\www\tontine\system\CodeIgniter.php(412): CodeIgniter\CodeIgniter->runController(Object(App\Controllers\Home))
#6 C:\wamp64\www\tontine\system\CodeIgniter.php(320): CodeIgniter\CodeIgniter->handleRequest(NULL, Object(Config\Cache), false)
#7 C:\wamp64\www\tontine\public\index.php(37): CodeIgniter\CodeIgniter->run()
#8 {main}
CRITICAL - 2022-03-20 13:33:15 --> Call to undefined function Link_tag()
#0 C:\wamp64\www\tontine\system\View\View.php(212): include()
#1 C:\wamp64\www\tontine\system\View\View.php(215): CodeIgniter\View\View->CodeIgniter\View\{closure}()
#2 C:\wamp64\www\tontine\system\Common.php(1119): CodeIgniter\View\View->render('welcome_message', Array, true)
#3 C:\wamp64\www\tontine\app\Controllers\Home.php(9): view('welcome_message')
#4 C:\wamp64\www\tontine\system\CodeIgniter.php(825): App\Controllers\Home->index()
#5 C:\wamp64\www\tontine\system\CodeIgniter.php(412): CodeIgniter\CodeIgniter->runController(Object(App\Controllers\Home))
#6 C:\wamp64\www\tontine\system\CodeIgniter.php(320): CodeIgniter\CodeIgniter->handleRequest(NULL, Object(Config\Cache), false)
#7 C:\wamp64\www\tontine\public\index.php(37): CodeIgniter\CodeIgniter->run()
#8 {main}
CRITICAL - 2022-03-20 13:33:15 --> Call to undefined function Link_tag()
#0 C:\wamp64\www\tontine\system\View\View.php(212): include()
#1 C:\wamp64\www\tontine\system\View\View.php(215): CodeIgniter\View\View->CodeIgniter\View\{closure}()
#2 C:\wamp64\www\tontine\system\Common.php(1119): CodeIgniter\View\View->render('welcome_message', Array, true)
#3 C:\wamp64\www\tontine\app\Controllers\Home.php(9): view('welcome_message')
#4 C:\wamp64\www\tontine\system\CodeIgniter.php(825): App\Controllers\Home->index()
#5 C:\wamp64\www\tontine\system\CodeIgniter.php(412): CodeIgniter\CodeIgniter->runController(Object(App\Controllers\Home))
#6 C:\wamp64\www\tontine\system\CodeIgniter.php(320): CodeIgniter\CodeIgniter->handleRequest(NULL, Object(Config\Cache), false)
#7 C:\wamp64\www\tontine\public\index.php(37): CodeIgniter\CodeIgniter->run()
#8 {main}
CRITICAL - 2022-03-20 13:33:15 --> Call to undefined function Link_tag()
#0 C:\wamp64\www\tontine\system\View\View.php(212): include()
#1 C:\wamp64\www\tontine\system\View\View.php(215): CodeIgniter\View\View->CodeIgniter\View\{closure}()
#2 C:\wamp64\www\tontine\system\Common.php(1119): CodeIgniter\View\View->render('welcome_message', Array, true)
#3 C:\wamp64\www\tontine\app\Controllers\Home.php(9): view('welcome_message')
#4 C:\wamp64\www\tontine\system\CodeIgniter.php(825): App\Controllers\Home->index()
#5 C:\wamp64\www\tontine\system\CodeIgniter.php(412): CodeIgniter\CodeIgniter->runController(Object(App\Controllers\Home))
#6 C:\wamp64\www\tontine\system\CodeIgniter.php(320): CodeIgniter\CodeIgniter->handleRequest(NULL, Object(Config\Cache), false)
#7 C:\wamp64\www\tontine\public\index.php(37): CodeIgniter\CodeIgniter->run()
#8 {main}
CRITICAL - 2022-03-20 13:34:31 --> Call to undefined function link_tag()
#0 C:\wamp64\www\tontine\system\View\View.php(212): include()
#1 C:\wamp64\www\tontine\system\View\View.php(215): CodeIgniter\View\View->CodeIgniter\View\{closure}()
#2 C:\wamp64\www\tontine\system\Common.php(1119): CodeIgniter\View\View->render('welcome_message', Array, true)
#3 C:\wamp64\www\tontine\app\Controllers\Home.php(9): view('welcome_message')
#4 C:\wamp64\www\tontine\system\CodeIgniter.php(825): App\Controllers\Home->index()
#5 C:\wamp64\www\tontine\system\CodeIgniter.php(412): CodeIgniter\CodeIgniter->runController(Object(App\Controllers\Home))
#6 C:\wamp64\www\tontine\system\CodeIgniter.php(320): CodeIgniter\CodeIgniter->handleRequest(NULL, Object(Config\Cache), false)
#7 C:\wamp64\www\tontine\public\index.php(37): CodeIgniter\CodeIgniter->run()
#8 {main}
CRITICAL - 2022-03-20 13:34:32 --> Call to undefined function link_tag()
#0 C:\wamp64\www\tontine\system\View\View.php(212): include()
#1 C:\wamp64\www\tontine\system\View\View.php(215): CodeIgniter\View\View->CodeIgniter\View\{closure}()
#2 C:\wamp64\www\tontine\system\Common.php(1119): CodeIgniter\View\View->render('welcome_message', Array, true)
#3 C:\wamp64\www\tontine\app\Controllers\Home.php(9): view('welcome_message')
#4 C:\wamp64\www\tontine\system\CodeIgniter.php(825): App\Controllers\Home->index()
#5 C:\wamp64\www\tontine\system\CodeIgniter.php(412): CodeIgniter\CodeIgniter->runController(Object(App\Controllers\Home))
#6 C:\wamp64\www\tontine\system\CodeIgniter.php(320): CodeIgniter\CodeIgniter->handleRequest(NULL, Object(Config\Cache), false)
#7 C:\wamp64\www\tontine\public\index.php(37): CodeIgniter\CodeIgniter->run()
#8 {main}
CRITICAL - 2022-03-20 13:34:32 --> Call to undefined function link_tag()
#0 C:\wamp64\www\tontine\system\View\View.php(212): include()
#1 C:\wamp64\www\tontine\system\View\View.php(215): CodeIgniter\View\View->CodeIgniter\View\{closure}()
#2 C:\wamp64\www\tontine\system\Common.php(1119): CodeIgniter\View\View->render('welcome_message', Array, true)
#3 C:\wamp64\www\tontine\app\Controllers\Home.php(9): view('welcome_message')
#4 C:\wamp64\www\tontine\system\CodeIgniter.php(825): App\Controllers\Home->index()
#5 C:\wamp64\www\tontine\system\CodeIgniter.php(412): CodeIgniter\CodeIgniter->runController(Object(App\Controllers\Home))
#6 C:\wamp64\www\tontine\system\CodeIgniter.php(320): CodeIgniter\CodeIgniter->handleRequest(NULL, Object(Config\Cache), false)
#7 C:\wamp64\www\tontine\public\index.php(37): CodeIgniter\CodeIgniter->run()
#8 {main}
CRITICAL - 2022-03-20 13:34:33 --> Call to undefined function link_tag()
#0 C:\wamp64\www\tontine\system\View\View.php(212): include()
#1 C:\wamp64\www\tontine\system\View\View.php(215): CodeIgniter\View\View->CodeIgniter\View\{closure}()
#2 C:\wamp64\www\tontine\system\Common.php(1119): CodeIgniter\View\View->render('welcome_message', Array, true)
#3 C:\wamp64\www\tontine\app\Controllers\Home.php(9): view('welcome_message')
#4 C:\wamp64\www\tontine\system\CodeIgniter.php(825): App\Controllers\Home->index()
#5 C:\wamp64\www\tontine\system\CodeIgniter.php(412): CodeIgniter\CodeIgniter->runController(Object(App\Controllers\Home))
#6 C:\wamp64\www\tontine\system\CodeIgniter.php(320): CodeIgniter\CodeIgniter->handleRequest(NULL, Object(Config\Cache), false)
#7 C:\wamp64\www\tontine\public\index.php(37): CodeIgniter\CodeIgniter->run()
#8 {main}
CRITICAL - 2022-03-20 13:38:28 --> Call to undefined function link_tag()
#0 C:\wamp64\www\tontine\system\View\View.php(212): include()
#1 C:\wamp64\www\tontine\system\View\View.php(215): CodeIgniter\View\View->CodeIgniter\View\{closure}()
#2 C:\wamp64\www\tontine\system\Common.php(1119): CodeIgniter\View\View->render('welcome_message', Array, true)
#3 C:\wamp64\www\tontine\app\Controllers\Home.php(9): view('welcome_message')
#4 C:\wamp64\www\tontine\system\CodeIgniter.php(825): App\Controllers\Home->index()
#5 C:\wamp64\www\tontine\system\CodeIgniter.php(412): CodeIgniter\CodeIgniter->runController(Object(App\Controllers\Home))
#6 C:\wamp64\www\tontine\system\CodeIgniter.php(320): CodeIgniter\CodeIgniter->handleRequest(NULL, Object(Config\Cache), false)
#7 C:\wamp64\www\tontine\public\index.php(37): CodeIgniter\CodeIgniter->run()
#8 {main}
CRITICAL - 2022-03-20 17:20:53 --> syntax error, unexpected '=>' (T_DOUBLE_ARROW), expecting ']'
#0 C:\wamp64\www\tontine\system\Autoloader\Autoloader.php(245): CodeIgniter\Autoloader\Autoloader->includeFile('C:\\wamp64\\www\\t...')
#1 C:\wamp64\www\tontine\system\Autoloader\Autoloader.php(223): CodeIgniter\Autoloader\Autoloader->loadInNamespace('App\\Controllers...')
#2 [internal function]: CodeIgniter\Autoloader\Autoloader->loadClass('App\\Controllers...')
#3 [internal function]: spl_autoload_call('App\\Controllers...')
#4 C:\wamp64\www\tontine\system\CodeIgniter.php(790): class_exists('\\App\\Controller...', true)
#5 C:\wamp64\www\tontine\system\CodeIgniter.php(399): CodeIgniter\CodeIgniter->startController()
#6 C:\wamp64\www\tontine\system\CodeIgniter.php(320): CodeIgniter\CodeIgniter->handleRequest(NULL, Object(Config\Cache), false)
#7 C:\wamp64\www\tontine\public\index.php(37): CodeIgniter\CodeIgniter->run()
#8 {main}
CRITICAL - 2022-03-20 17:20:55 --> syntax error, unexpected '=>' (T_DOUBLE_ARROW), expecting ']'
#0 C:\wamp64\www\tontine\system\Autoloader\Autoloader.php(245): CodeIgniter\Autoloader\Autoloader->includeFile('C:\\wamp64\\www\\t...')
#1 C:\wamp64\www\tontine\system\Autoloader\Autoloader.php(223): CodeIgniter\Autoloader\Autoloader->loadInNamespace('App\\Controllers...')
#2 [internal function]: CodeIgniter\Autoloader\Autoloader->loadClass('App\\Controllers...')
#3 [internal function]: spl_autoload_call('App\\Controllers...')
#4 C:\wamp64\www\tontine\system\CodeIgniter.php(790): class_exists('\\App\\Controller...', true)
#5 C:\wamp64\www\tontine\system\CodeIgniter.php(399): CodeIgniter\CodeIgniter->startController()
#6 C:\wamp64\www\tontine\system\CodeIgniter.php(320): CodeIgniter\CodeIgniter->handleRequest(NULL, Object(Config\Cache), false)
#7 C:\wamp64\www\tontine\public\index.php(37): CodeIgniter\CodeIgniter->run()
#8 {main}
CRITICAL - 2022-03-20 17:21:14 --> syntax error, unexpected '=>' (T_DOUBLE_ARROW), expecting ']'
#0 C:\wamp64\www\tontine\system\Autoloader\Autoloader.php(245): CodeIgniter\Autoloader\Autoloader->includeFile('C:\\wamp64\\www\\t...')
#1 C:\wamp64\www\tontine\system\Autoloader\Autoloader.php(223): CodeIgniter\Autoloader\Autoloader->loadInNamespace('App\\Controllers...')
#2 [internal function]: CodeIgniter\Autoloader\Autoloader->loadClass('App\\Controllers...')
#3 [internal function]: spl_autoload_call('App\\Controllers...')
#4 C:\wamp64\www\tontine\system\CodeIgniter.php(790): class_exists('\\App\\Controller...', true)
#5 C:\wamp64\www\tontine\system\CodeIgniter.php(399): CodeIgniter\CodeIgniter->startController()
#6 C:\wamp64\www\tontine\system\CodeIgniter.php(320): CodeIgniter\CodeIgniter->handleRequest(NULL, Object(Config\Cache), false)
#7 C:\wamp64\www\tontine\public\index.php(37): CodeIgniter\CodeIgniter->run()
#8 {main}
CRITICAL - 2022-03-20 17:21:14 --> syntax error, unexpected '=>' (T_DOUBLE_ARROW), expecting ']'
#0 C:\wamp64\www\tontine\system\Autoloader\Autoloader.php(245): CodeIgniter\Autoloader\Autoloader->includeFile('C:\\wamp64\\www\\t...')
#1 C:\wamp64\www\tontine\system\Autoloader\Autoloader.php(223): CodeIgniter\Autoloader\Autoloader->loadInNamespace('App\\Controllers...')
#2 [internal function]: CodeIgniter\Autoloader\Autoloader->loadClass('App\\Controllers...')
#3 [internal function]: spl_autoload_call('App\\Controllers...')
#4 C:\wamp64\www\tontine\system\CodeIgniter.php(790): class_exists('\\App\\Controller...', true)
#5 C:\wamp64\www\tontine\system\CodeIgniter.php(399): CodeIgniter\CodeIgniter->startController()
#6 C:\wamp64\www\tontine\system\CodeIgniter.php(320): CodeIgniter\CodeIgniter->handleRequest(NULL, Object(Config\Cache), false)
#7 C:\wamp64\www\tontine\public\index.php(37): CodeIgniter\CodeIgniter->run()
#8 {main}
CRITICAL - 2022-03-20 17:21:21 --> syntax error, unexpected '=>' (T_DOUBLE_ARROW), expecting ']'
#0 C:\wamp64\www\tontine\system\Autoloader\Autoloader.php(245): CodeIgniter\Autoloader\Autoloader->includeFile('C:\\wamp64\\www\\t...')
#1 C:\wamp64\www\tontine\system\Autoloader\Autoloader.php(223): CodeIgniter\Autoloader\Autoloader->loadInNamespace('App\\Controllers...')
#2 [internal function]: CodeIgniter\Autoloader\Autoloader->loadClass('App\\Controllers...')
#3 [internal function]: spl_autoload_call('App\\Controllers...')
#4 C:\wamp64\www\tontine\system\CodeIgniter.php(790): class_exists('\\App\\Controller...', true)
#5 C:\wamp64\www\tontine\system\CodeIgniter.php(399): CodeIgniter\CodeIgniter->startController()
#6 C:\wamp64\www\tontine\system\CodeIgniter.php(320): CodeIgniter\CodeIgniter->handleRequest(NULL, Object(Config\Cache), false)
#7 C:\wamp64\www\tontine\public\index.php(37): CodeIgniter\CodeIgniter->run()
#8 {main}
CRITICAL - 2022-03-20 17:21:22 --> syntax error, unexpected '=>' (T_DOUBLE_ARROW), expecting ']'
#0 C:\wamp64\www\tontine\system\Autoloader\Autoloader.php(245): CodeIgniter\Autoloader\Autoloader->includeFile('C:\\wamp64\\www\\t...')
#1 C:\wamp64\www\tontine\system\Autoloader\Autoloader.php(223): CodeIgniter\Autoloader\Autoloader->loadInNamespace('App\\Controllers...')
#2 [internal function]: CodeIgniter\Autoloader\Autoloader->loadClass('App\\Controllers...')
#3 [internal function]: spl_autoload_call('App\\Controllers...')
#4 C:\wamp64\www\tontine\system\CodeIgniter.php(790): class_exists('\\App\\Controller...', true)
#5 C:\wamp64\www\tontine\system\CodeIgniter.php(399): CodeIgniter\CodeIgniter->startController()
#6 C:\wamp64\www\tontine\system\CodeIgniter.php(320): CodeIgniter\CodeIgniter->handleRequest(NULL, Object(Config\Cache), false)
#7 C:\wamp64\www\tontine\public\index.php(37): CodeIgniter\CodeIgniter->run()
#8 {main}
CRITICAL - 2022-03-20 17:21:22 --> syntax error, unexpected '=>' (T_DOUBLE_ARROW), expecting ']'
#0 C:\wamp64\www\tontine\system\Autoloader\Autoloader.php(245): CodeIgniter\Autoloader\Autoloader->includeFile('C:\\wamp64\\www\\t...')
#1 C:\wamp64\www\tontine\system\Autoloader\Autoloader.php(223): CodeIgniter\Autoloader\Autoloader->loadInNamespace('App\\Controllers...')
#2 [internal function]: CodeIgniter\Autoloader\Autoloader->loadClass('App\\Controllers...')
#3 [internal function]: spl_autoload_call('App\\Controllers...')
#4 C:\wamp64\www\tontine\system\CodeIgniter.php(790): class_exists('\\App\\Controller...', true)
#5 C:\wamp64\www\tontine\system\CodeIgniter.php(399): CodeIgniter\CodeIgniter->startController()
#6 C:\wamp64\www\tontine\system\CodeIgniter.php(320): CodeIgniter\CodeIgniter->handleRequest(NULL, Object(Config\Cache), false)
#7 C:\wamp64\www\tontine\public\index.php(37): CodeIgniter\CodeIgniter->run()
#8 {main}
CRITICAL - 2022-03-20 17:21:22 --> syntax error, unexpected '=>' (T_DOUBLE_ARROW), expecting ']'
#0 C:\wamp64\www\tontine\system\Autoloader\Autoloader.php(245): CodeIgniter\Autoloader\Autoloader->includeFile('C:\\wamp64\\www\\t...')
#1 C:\wamp64\www\tontine\system\Autoloader\Autoloader.php(223): CodeIgniter\Autoloader\Autoloader->loadInNamespace('App\\Controllers...')
#2 [internal function]: CodeIgniter\Autoloader\Autoloader->loadClass('App\\Controllers...')
#3 [internal function]: spl_autoload_call('App\\Controllers...')
#4 C:\wamp64\www\tontine\system\CodeIgniter.php(790): class_exists('\\App\\Controller...', true)
#5 C:\wamp64\www\tontine\system\CodeIgniter.php(399): CodeIgniter\CodeIgniter->startController()
#6 C:\wamp64\www\tontine\system\CodeIgniter.php(320): CodeIgniter\CodeIgniter->handleRequest(NULL, Object(Config\Cache), false)
#7 C:\wamp64\www\tontine\public\index.php(37): CodeIgniter\CodeIgniter->run()
#8 {main}
CRITICAL - 2022-03-20 17:21:23 --> syntax error, unexpected '=>' (T_DOUBLE_ARROW), expecting ']'
#0 C:\wamp64\www\tontine\system\Autoloader\Autoloader.php(245): CodeIgniter\Autoloader\Autoloader->includeFile('C:\\wamp64\\www\\t...')
#1 C:\wamp64\www\tontine\system\Autoloader\Autoloader.php(223): CodeIgniter\Autoloader\Autoloader->loadInNamespace('App\\Controllers...')
#2 [internal function]: CodeIgniter\Autoloader\Autoloader->loadClass('App\\Controllers...')
#3 [internal function]: spl_autoload_call('App\\Controllers...')
#4 C:\wamp64\www\tontine\system\CodeIgniter.php(790): class_exists('\\App\\Controller...', true)
#5 C:\wamp64\www\tontine\system\CodeIgniter.php(399): CodeIgniter\CodeIgniter->startController()
#6 C:\wamp64\www\tontine\system\CodeIgniter.php(320): CodeIgniter\CodeIgniter->handleRequest(NULL, Object(Config\Cache), false)
#7 C:\wamp64\www\tontine\public\index.php(37): CodeIgniter\CodeIgniter->run()
#8 {main}
CRITICAL - 2022-03-20 17:21:25 --> syntax error, unexpected '=>' (T_DOUBLE_ARROW), expecting ']'
#0 C:\wamp64\www\tontine\system\Autoloader\Autoloader.php(245): CodeIgniter\Autoloader\Autoloader->includeFile('C:\\wamp64\\www\\t...')
#1 C:\wamp64\www\tontine\system\Autoloader\Autoloader.php(223): CodeIgniter\Autoloader\Autoloader->loadInNamespace('App\\Controllers...')
#2 [internal function]: CodeIgniter\Autoloader\Autoloader->loadClass('App\\Controllers...')
#3 [internal function]: spl_autoload_call('App\\Controllers...')
#4 C:\wamp64\www\tontine\system\CodeIgniter.php(790): class_exists('\\App\\Controller...', true)
#5 C:\wamp64\www\tontine\system\CodeIgniter.php(399): CodeIgniter\CodeIgniter->startController()
#6 C:\wamp64\www\tontine\system\CodeIgniter.php(320): CodeIgniter\CodeIgniter->handleRequest(NULL, Object(Config\Cache), false)
#7 C:\wamp64\www\tontine\public\index.php(37): CodeIgniter\CodeIgniter->run()
#8 {main}
CRITICAL - 2022-03-20 17:21:25 --> syntax error, unexpected '=>' (T_DOUBLE_ARROW), expecting ']'
#0 C:\wamp64\www\tontine\system\Autoloader\Autoloader.php(245): CodeIgniter\Autoloader\Autoloader->includeFile('C:\\wamp64\\www\\t...')
#1 C:\wamp64\www\tontine\system\Autoloader\Autoloader.php(223): CodeIgniter\Autoloader\Autoloader->loadInNamespace('App\\Controllers...')
#2 [internal function]: CodeIgniter\Autoloader\Autoloader->loadClass('App\\Controllers...')
#3 [internal function]: spl_autoload_call('App\\Controllers...')
#4 C:\wamp64\www\tontine\system\CodeIgniter.php(790): class_exists('\\App\\Controller...', true)
#5 C:\wamp64\www\tontine\system\CodeIgniter.php(399): CodeIgniter\CodeIgniter->startController()
#6 C:\wamp64\www\tontine\system\CodeIgniter.php(320): CodeIgniter\CodeIgniter->handleRequest(NULL, Object(Config\Cache), false)
#7 C:\wamp64\www\tontine\public\index.php(37): CodeIgniter\CodeIgniter->run()
#8 {main}
CRITICAL - 2022-03-20 17:21:31 --> syntax error, unexpected '=>' (T_DOUBLE_ARROW), expecting ']'
#0 C:\wamp64\www\tontine\system\Autoloader\Autoloader.php(245): CodeIgniter\Autoloader\Autoloader->includeFile('C:\\wamp64\\www\\t...')
#1 C:\wamp64\www\tontine\system\Autoloader\Autoloader.php(223): CodeIgniter\Autoloader\Autoloader->loadInNamespace('App\\Controllers...')
#2 [internal function]: CodeIgniter\Autoloader\Autoloader->loadClass('App\\Controllers...')
#3 [internal function]: spl_autoload_call('App\\Controllers...')
#4 C:\wamp64\www\tontine\system\CodeIgniter.php(790): class_exists('\\App\\Controller...', true)
#5 C:\wamp64\www\tontine\system\CodeIgniter.php(399): CodeIgniter\CodeIgniter->startController()
#6 C:\wamp64\www\tontine\system\CodeIgniter.php(320): CodeIgniter\CodeIgniter->handleRequest(NULL, Object(Config\Cache), false)
#7 C:\wamp64\www\tontine\public\index.php(37): CodeIgniter\CodeIgniter->run()
#8 {main}
CRITICAL - 2022-03-20 17:22:15 --> syntax error, unexpected '=>' (T_DOUBLE_ARROW), expecting ']'
#0 C:\wamp64\www\tontine\system\Autoloader\Autoloader.php(245): CodeIgniter\Autoloader\Autoloader->includeFile('C:\\wamp64\\www\\t...')
#1 C:\wamp64\www\tontine\system\Autoloader\Autoloader.php(223): CodeIgniter\Autoloader\Autoloader->loadInNamespace('App\\Controllers...')
#2 [internal function]: CodeIgniter\Autoloader\Autoloader->loadClass('App\\Controllers...')
#3 [internal function]: spl_autoload_call('App\\Controllers...')
#4 C:\wamp64\www\tontine\system\CodeIgniter.php(790): class_exists('\\App\\Controller...', true)
#5 C:\wamp64\www\tontine\system\CodeIgniter.php(399): CodeIgniter\CodeIgniter->startController()
#6 C:\wamp64\www\tontine\system\CodeIgniter.php(320): CodeIgniter\CodeIgniter->handleRequest(NULL, Object(Config\Cache), false)
#7 C:\wamp64\www\tontine\public\index.php(37): CodeIgniter\CodeIgniter->run()
#8 {main}
CRITICAL - 2022-03-20 17:22:16 --> syntax error, unexpected '=>' (T_DOUBLE_ARROW), expecting ']'
#0 C:\wamp64\www\tontine\system\Autoloader\Autoloader.php(245): CodeIgniter\Autoloader\Autoloader->includeFile('C:\\wamp64\\www\\t...')
#1 C:\wamp64\www\tontine\system\Autoloader\Autoloader.php(223): CodeIgniter\Autoloader\Autoloader->loadInNamespace('App\\Controllers...')
#2 [internal function]: CodeIgniter\Autoloader\Autoloader->loadClass('App\\Controllers...')
#3 [internal function]: spl_autoload_call('App\\Controllers...')
#4 C:\wamp64\www\tontine\system\CodeIgniter.php(790): class_exists('\\App\\Controller...', true)
#5 C:\wamp64\www\tontine\system\CodeIgniter.php(399): CodeIgniter\CodeIgniter->startController()
#6 C:\wamp64\www\tontine\system\CodeIgniter.php(320): CodeIgniter\CodeIgniter->handleRequest(NULL, Object(Config\Cache), false)
#7 C:\wamp64\www\tontine\public\index.php(37): CodeIgniter\CodeIgniter->run()
#8 {main}
CRITICAL - 2022-03-20 17:22:32 --> syntax error, unexpected '=>' (T_DOUBLE_ARROW), expecting ']'
#0 C:\wamp64\www\tontine\system\Autoloader\Autoloader.php(245): CodeIgniter\Autoloader\Autoloader->includeFile('C:\\wamp64\\www\\t...')
#1 C:\wamp64\www\tontine\system\Autoloader\Autoloader.php(223): CodeIgniter\Autoloader\Autoloader->loadInNamespace('App\\Controllers...')
#2 [internal function]: CodeIgniter\Autoloader\Autoloader->loadClass('App\\Controllers...')
#3 [internal function]: spl_autoload_call('App\\Controllers...')
#4 C:\wamp64\www\tontine\system\CodeIgniter.php(790): class_exists('\\App\\Controller...', true)
#5 C:\wamp64\www\tontine\system\CodeIgniter.php(399): CodeIgniter\CodeIgniter->startController()
#6 C:\wamp64\www\tontine\system\CodeIgniter.php(320): CodeIgniter\CodeIgniter->handleRequest(NULL, Object(Config\Cache), false)
#7 C:\wamp64\www\tontine\public\index.php(37): CodeIgniter\CodeIgniter->run()
#8 {main}
CRITICAL - 2022-03-20 17:22:32 --> syntax error, unexpected '=>' (T_DOUBLE_ARROW), expecting ']'
#0 C:\wamp64\www\tontine\system\Autoloader\Autoloader.php(245): CodeIgniter\Autoloader\Autoloader->includeFile('C:\\wamp64\\www\\t...')
#1 C:\wamp64\www\tontine\system\Autoloader\Autoloader.php(223): CodeIgniter\Autoloader\Autoloader->loadInNamespace('App\\Controllers...')
#2 [internal function]: CodeIgniter\Autoloader\Autoloader->loadClass('App\\Controllers...')
#3 [internal function]: spl_autoload_call('App\\Controllers...')
#4 C:\wamp64\www\tontine\system\CodeIgniter.php(790): class_exists('\\App\\Controller...', true)
#5 C:\wamp64\www\tontine\system\CodeIgniter.php(399): CodeIgniter\CodeIgniter->startController()
#6 C:\wamp64\www\tontine\system\CodeIgniter.php(320): CodeIgniter\CodeIgniter->handleRequest(NULL, Object(Config\Cache), false)
#7 C:\wamp64\www\tontine\public\index.php(37): CodeIgniter\CodeIgniter->run()
#8 {main}
CRITICAL - 2022-03-20 17:22:40 --> syntax error, unexpected '=>' (T_DOUBLE_ARROW), expecting ']'
#0 C:\wamp64\www\tontine\system\Autoloader\Autoloader.php(245): CodeIgniter\Autoloader\Autoloader->includeFile('C:\\wamp64\\www\\t...')
#1 C:\wamp64\www\tontine\system\Autoloader\Autoloader.php(223): CodeIgniter\Autoloader\Autoloader->loadInNamespace('App\\Controllers...')
#2 [internal function]: CodeIgniter\Autoloader\Autoloader->loadClass('App\\Controllers...')
#3 [internal function]: spl_autoload_call('App\\Controllers...')
#4 C:\wamp64\www\tontine\system\CodeIgniter.php(790): class_exists('\\App\\Controller...', true)
#5 C:\wamp64\www\tontine\system\CodeIgniter.php(399): CodeIgniter\CodeIgniter->startController()
#6 C:\wamp64\www\tontine\system\CodeIgniter.php(320): CodeIgniter\CodeIgniter->handleRequest(NULL, Object(Config\Cache), false)
#7 C:\wamp64\www\tontine\public\index.php(37): CodeIgniter\CodeIgniter->run()
#8 {main}
CRITICAL - 2022-03-20 17:22:40 --> syntax error, unexpected '=>' (T_DOUBLE_ARROW), expecting ']'
#0 C:\wamp64\www\tontine\system\Autoloader\Autoloader.php(245): CodeIgniter\Autoloader\Autoloader->includeFile('C:\\wamp64\\www\\t...')
#1 C:\wamp64\www\tontine\system\Autoloader\Autoloader.php(223): CodeIgniter\Autoloader\Autoloader->loadInNamespace('App\\Controllers...')
#2 [internal function]: CodeIgniter\Autoloader\Autoloader->loadClass('App\\Controllers...')
#3 [internal function]: spl_autoload_call('App\\Controllers...')
#4 C:\wamp64\www\tontine\system\CodeIgniter.php(790): class_exists('\\App\\Controller...', true)
#5 C:\wamp64\www\tontine\system\CodeIgniter.php(399): CodeIgniter\CodeIgniter->startController()
#6 C:\wamp64\www\tontine\system\CodeIgniter.php(320): CodeIgniter\CodeIgniter->handleRequest(NULL, Object(Config\Cache), false)
#7 C:\wamp64\www\tontine\public\index.php(37): CodeIgniter\CodeIgniter->run()
#8 {main}
CRITICAL - 2022-03-20 17:23:09 --> syntax error, unexpected '=>' (T_DOUBLE_ARROW), expecting ']'
#0 C:\wamp64\www\tontine\system\Autoloader\Autoloader.php(245): CodeIgniter\Autoloader\Autoloader->includeFile('C:\\wamp64\\www\\t...')
#1 C:\wamp64\www\tontine\system\Autoloader\Autoloader.php(223): CodeIgniter\Autoloader\Autoloader->loadInNamespace('App\\Controllers...')
#2 [internal function]: CodeIgniter\Autoloader\Autoloader->loadClass('App\\Controllers...')
#3 [internal function]: spl_autoload_call('App\\Controllers...')
#4 C:\wamp64\www\tontine\system\CodeIgniter.php(790): class_exists('\\App\\Controller...', true)
#5 C:\wamp64\www\tontine\system\CodeIgniter.php(399): CodeIgniter\CodeIgniter->startController()
#6 C:\wamp64\www\tontine\system\CodeIgniter.php(320): CodeIgniter\CodeIgniter->handleRequest(NULL, Object(Config\Cache), false)
#7 C:\wamp64\www\tontine\public\index.php(37): CodeIgniter\CodeIgniter->run()
#8 {main}
CRITICAL - 2022-03-20 17:23:10 --> syntax error, unexpected '=>' (T_DOUBLE_ARROW), expecting ']'
#0 C:\wamp64\www\tontine\system\Autoloader\Autoloader.php(245): CodeIgniter\Autoloader\Autoloader->includeFile('C:\\wamp64\\www\\t...')
#1 C:\wamp64\www\tontine\system\Autoloader\Autoloader.php(223): CodeIgniter\Autoloader\Autoloader->loadInNamespace('App\\Controllers...')
#2 [internal function]: CodeIgniter\Autoloader\Autoloader->loadClass('App\\Controllers...')
#3 [internal function]: spl_autoload_call('App\\Controllers...')
#4 C:\wamp64\www\tontine\system\CodeIgniter.php(790): class_exists('\\App\\Controller...', true)
#5 C:\wamp64\www\tontine\system\CodeIgniter.php(399): CodeIgniter\CodeIgniter->startController()
#6 C:\wamp64\www\tontine\system\CodeIgniter.php(320): CodeIgniter\CodeIgniter->handleRequest(NULL, Object(Config\Cache), false)
#7 C:\wamp64\www\tontine\public\index.php(37): CodeIgniter\CodeIgniter->run()
#8 {main}
CRITICAL - 2022-03-20 17:23:10 --> syntax error, unexpected '=>' (T_DOUBLE_ARROW), expecting ']'
#0 C:\wamp64\www\tontine\system\Autoloader\Autoloader.php(245): CodeIgniter\Autoloader\Autoloader->includeFile('C:\\wamp64\\www\\t...')
#1 C:\wamp64\www\tontine\system\Autoloader\Autoloader.php(223): CodeIgniter\Autoloader\Autoloader->loadInNamespace('App\\Controllers...')
#2 [internal function]: CodeIgniter\Autoloader\Autoloader->loadClass('App\\Controllers...')
#3 [internal function]: spl_autoload_call('App\\Controllers...')
#4 C:\wamp64\www\tontine\system\CodeIgniter.php(790): class_exists('\\App\\Controller...', true)
#5 C:\wamp64\www\tontine\system\CodeIgniter.php(399): CodeIgniter\CodeIgniter->startController()
#6 C:\wamp64\www\tontine\system\CodeIgniter.php(320): CodeIgniter\CodeIgniter->handleRequest(NULL, Object(Config\Cache), false)
#7 C:\wamp64\www\tontine\public\index.php(37): CodeIgniter\CodeIgniter->run()
#8 {main}
