CRITICAL - 2022-04-08 12:48:01 --> Undefined variable: titre
#0 C:\wamp64\www\tontine\app\Views\layout\entete.php(9): CodeIgniter\Debug\Exceptions->errorHandler(8, 'Undefined varia...', 'C:\\wamp64\\www\\t...', 9, Array)
#1 C:\wamp64\www\tontine\system\View\View.php(212): include('C:\\wamp64\\www\\t...')
#2 C:\wamp64\www\tontine\system\View\View.php(215): CodeIgniter\View\View->CodeIgniter\View\{closure}()
#3 C:\wamp64\www\tontine\system\Common.php(1119): CodeIgniter\View\View->render('layout/entete', Array, true)
#4 C:\wamp64\www\tontine\app\Controllers\Utilisateur.php(30): view('layout/entete', Array)
#5 C:\wamp64\www\tontine\system\CodeIgniter.php(825): App\Controllers\Utilisateur->index()
#6 C:\wamp64\www\tontine\system\CodeIgniter.php(412): CodeIgniter\CodeIgniter->runController(Object(App\Controllers\Utilisateur))
#7 C:\wamp64\www\tontine\system\CodeIgniter.php(320): CodeIgniter\CodeIgniter->handleRequest(NULL, Object(Config\Cache), false)
#8 C:\wamp64\www\tontine\public\index.php(37): CodeIgniter\CodeIgniter->run()
#9 {main}
CRITICAL - 2022-04-08 13:26:34 --> Class 'App\validation\UtilisateurRules' not found
#0 C:\wamp64\www\tontine\system\Validation\Validation.php(116): CodeIgniter\Validation\Validation->loadRuleSets()
#1 C:\wamp64\www\tontine\system\Controller.php(160): CodeIgniter\Validation\Validation->run()
#2 C:\wamp64\www\tontine\app\Controllers\Utilisateur.php(20): CodeIgniter\Controller->validate(Array)
#3 C:\wamp64\www\tontine\system\CodeIgniter.php(825): App\Controllers\Utilisateur->index()
#4 C:\wamp64\www\tontine\system\CodeIgniter.php(412): CodeIgniter\CodeIgniter->runController(Object(App\Controllers\Utilisateur))
#5 C:\wamp64\www\tontine\system\CodeIgniter.php(320): CodeIgniter\CodeIgniter->handleRequest(NULL, Object(Config\Cache), false)
#6 C:\wamp64\www\tontine\public\index.php(37): CodeIgniter\CodeIgniter->run()
#7 {main}
CRITICAL - 2022-04-08 13:29:19 --> Class 'App\validation\UtilisateurRules' not found
#0 C:\wamp64\www\tontine\system\Validation\Validation.php(116): CodeIgniter\Validation\Validation->loadRuleSets()
#1 C:\wamp64\www\tontine\system\Controller.php(160): CodeIgniter\Validation\Validation->run()
#2 C:\wamp64\www\tontine\app\Controllers\Utilisateur.php(20): CodeIgniter\Controller->validate(Array)
#3 C:\wamp64\www\tontine\system\CodeIgniter.php(825): App\Controllers\Utilisateur->index()
#4 C:\wamp64\www\tontine\system\CodeIgniter.php(412): CodeIgniter\CodeIgniter->runController(Object(App\Controllers\Utilisateur))
#5 C:\wamp64\www\tontine\system\CodeIgniter.php(320): CodeIgniter\CodeIgniter->handleRequest(NULL, Object(Config\Cache), false)
#6 C:\wamp64\www\tontine\public\index.php(37): CodeIgniter\CodeIgniter->run()
#7 {main}
CRITICAL - 2022-04-08 13:30:25 --> Class 'App\validation\UtilisateurRules' not found
#0 C:\wamp64\www\tontine\system\Validation\Validation.php(116): CodeIgniter\Validation\Validation->loadRuleSets()
#1 C:\wamp64\www\tontine\system\Controller.php(160): CodeIgniter\Validation\Validation->run()
#2 C:\wamp64\www\tontine\app\Controllers\Utilisateur.php(20): CodeIgniter\Controller->validate(Array)
#3 C:\wamp64\www\tontine\system\CodeIgniter.php(825): App\Controllers\Utilisateur->index()
#4 C:\wamp64\www\tontine\system\CodeIgniter.php(412): CodeIgniter\CodeIgniter->runController(Object(App\Controllers\Utilisateur))
#5 C:\wamp64\www\tontine\system\CodeIgniter.php(320): CodeIgniter\CodeIgniter->handleRequest(NULL, Object(Config\Cache), false)
#6 C:\wamp64\www\tontine\public\index.php(37): CodeIgniter\CodeIgniter->run()
#7 {main}
CRITICAL - 2022-04-08 13:32:50 --> Class 'App\validation\UtilisateurRules' not found
#0 C:\wamp64\www\tontine\system\Validation\Validation.php(116): CodeIgniter\Validation\Validation->loadRuleSets()
#1 C:\wamp64\www\tontine\system\Controller.php(160): CodeIgniter\Validation\Validation->run()
#2 C:\wamp64\www\tontine\app\Controllers\Utilisateur.php(20): CodeIgniter\Controller->validate(Array)
#3 C:\wamp64\www\tontine\system\CodeIgniter.php(825): App\Controllers\Utilisateur->index()
#4 C:\wamp64\www\tontine\system\CodeIgniter.php(412): CodeIgniter\CodeIgniter->runController(Object(App\Controllers\Utilisateur))
#5 C:\wamp64\www\tontine\system\CodeIgniter.php(320): CodeIgniter\CodeIgniter->handleRequest(NULL, Object(Config\Cache), false)
#6 C:\wamp64\www\tontine\public\index.php(37): CodeIgniter\CodeIgniter->run()
#7 {main}
